2024-09-26 16:59:53,660 - __main__ - INFO - Bot is running...
2024-09-26 17:01:02,196 - httpx - INFO - HTTP Request: GET https://cbaoknlorxoueainhdxq.supabase.co/rest/v1/creators_page?select=%2A&username=eq.footfungus "HTTP/2 200 OK"
2024-09-26 17:01:30,948 - httpx - INFO - HTTP Request: GET https://cbaoknlorxoueainhdxq.supabase.co/rest/v1/creators_page?select=%2A&username=eq.footfungus "HTTP/2 200 OK"
2024-09-26 17:01:31,205 - httpx - INFO - HTTP Request: POST https://cbaoknlorxoueainhdxq.supabase.co/rest/v1/subscriptions "HTTP/2 201 Created"
2024-09-26 17:08:16,030 - __main__ - INFO - Bot is running...
2024-09-26 17:08:58,790 - httpx - INFO - HTTP Request: GET https://cbaoknlorxoueainhdxq.supabase.co/rest/v1/subscriptions?select=%2A&user_id=eq.6498326239&creator_id=eq.footfungus&status=eq.active "HTTP/2 200 OK"
2024-09-26 17:12:55,807 - httpx - INFO - HTTP Request: GET https://cbaoknlorxoueainhdxq.supabase.co/rest/v1/subscriptions?select=%2A&user_id=eq.6498326239&status=eq.active "HTTP/2 200 OK"
2024-09-26 17:13:55,778 - __main__ - INFO - Bot is running...
2024-09-26 17:14:07,099 - httpx - INFO - HTTP Request: GET https://cbaoknlorxoueainhdxq.supabase.co/rest/v1/subscriptions?select=%2A&user_id=eq.6498326239&status=eq.active "HTTP/2 200 OK"
2024-09-26 17:17:21,519 - __main__ - INFO - Bot is running...
2024-09-26 17:17:31,269 - httpx - INFO - HTTP Request: GET https://cbaoknlorxoueainhdxq.supabase.co/rest/v1/subscriptions?select=%2A&user_id=eq.6498326239&status=eq.active "HTTP/2 200 OK"
2024-09-26 19:34:38,481 - __main__ - INFO - Bot is running...
2024-09-26 19:34:38,481 - __main__ - INFO - Starting bot polling...
2024-09-26 19:34:41,934 - httpx - INFO - HTTP Request: GET https://cbaoknlorxoueainhdxq.supabase.co/rest/v1/subscriptions?select=%2A&user_id=eq.6498326239&status=eq.active "HTTP/2 200 OK"
2024-09-26 19:56:21,564 - __main__ - ERROR - Error in main polling loop: HTTPSConnectionPool(host='api.telegram.org', port=443): Read timed out. (read timeout=25)
2024-09-26 19:56:21,564 - __main__ - INFO - Restarting bot in 10 seconds...
2024-09-26 19:56:31,580 - __main__ - INFO - Starting bot polling...
2024-09-26 19:56:32,230 - __main__ - ERROR - Error in main polling loop: ('Connection aborted.', ConnectionResetError(10054, 'An existing connection was forcibly closed by the remote host', None, 10054, None))
2024-09-26 19:56:32,230 - __main__ - INFO - Restarting bot in 10 seconds...
2024-09-26 19:56:42,237 - __main__ - INFO - Starting bot polling...
2024-09-26 19:56:42,389 - __main__ - ERROR - Error in main polling loop: HTTPSConnectionPool(host='api.telegram.org', port=443): Max retries exceeded with url: /bot7639027159:AAG_7J4Z-z7iSqqUtonWa6USDoFoXHzsjas/getUpdates?offset=398524688&timeout=20 (Caused by NameResolutionError("<urllib3.connection.HTTPSConnection object at 0x000001785DFC7F80>: Failed to resolve 'api.telegram.org' ([Errno 11002] getaddrinfo failed)"))
2024-09-26 19:56:42,389 - __main__ - INFO - Restarting bot in 10 seconds...
2024-09-26 19:56:52,396 - __main__ - INFO - Starting bot polling...
2024-09-26 21:13:41,907 - __main__ - ERROR - Error in main polling loop: HTTPSConnectionPool(host='api.telegram.org', port=443): Read timed out. (read timeout=25)
2024-09-26 21:13:41,908 - __main__ - INFO - Restarting bot in 10 seconds...
2024-09-26 21:13:51,909 - __main__ - INFO - Starting bot polling...
2024-09-27 01:46:38,912 - __main__ - INFO - Checking expired subscriptions...
2024-09-27 01:46:39,394 - __main__ - ERROR - Error in main polling loop: HTTPSConnectionPool(host='api.telegram.org', port=443): Read timed out. (read timeout=25)
2024-09-27 01:46:39,402 - __main__ - INFO - Restarting bot in 10 seconds...
2024-09-27 07:36:12,447 - __main__ - INFO - Starting bot polling...
2024-09-27 07:36:19,576 - __main__ - ERROR - Error in main polling loop: HTTPSConnectionPool(host='api.telegram.org', port=443): Max retries exceeded with url: /bot7639027159:AAG_7J4Z-z7iSqqUtonWa6USDoFoXHzsjas/getUpdates?offset=398524688&timeout=20 (Caused by NameResolutionError("<urllib3.connection.HTTPSConnection object at 0x000001785E1D8F50>: Failed to resolve 'api.telegram.org' ([Errno 11002] getaddrinfo failed)"))
2024-09-27 07:36:19,576 - __main__ - INFO - Restarting bot in 10 seconds...
2024-09-27 07:36:29,593 - __main__ - INFO - Starting bot polling...
2024-09-27 07:36:31,114 - __main__ - ERROR - Error in main polling loop: HTTPSConnectionPool(host='api.telegram.org', port=443): Max retries exceeded with url: /bot7639027159:AAG_7J4Z-z7iSqqUtonWa6USDoFoXHzsjas/getUpdates?offset=398524688&timeout=20 (Caused by NewConnectionError('<urllib3.connection.HTTPSConnection object at 0x000001785E1DAED0>: Failed to establish a new connection: [WinError 10053] An established connection was aborted by the software in your host machine'))
2024-09-27 07:36:31,207 - __main__ - INFO - Restarting bot in 10 seconds...
2024-09-27 07:36:41,412 - __main__ - INFO - Starting bot polling...
2024-09-27 07:36:41,412 - __main__ - ERROR - Error in main polling loop: HTTPSConnectionPool(host='api.telegram.org', port=443): Max retries exceeded with url: /bot7639027159:AAG_7J4Z-z7iSqqUtonWa6USDoFoXHzsjas/getUpdates?offset=398524688&timeout=20 (Caused by NameResolutionError("<urllib3.connection.HTTPSConnection object at 0x000001785DF3FE00>: Failed to resolve 'api.telegram.org' ([Errno 11002] getaddrinfo failed)"))
2024-09-27 07:36:41,423 - __main__ - INFO - Restarting bot in 10 seconds...
2024-09-27 07:36:51,425 - __main__ - INFO - Starting bot polling...
2024-09-27 07:36:52,148 - __main__ - ERROR - Error in main polling loop: HTTPSConnectionPool(host='api.telegram.org', port=443): Max retries exceeded with url: /bot7639027159:AAG_7J4Z-z7iSqqUtonWa6USDoFoXHzsjas/getUpdates?offset=398524688&timeout=20 (Caused by NameResolutionError("<urllib3.connection.HTTPSConnection object at 0x000001785E1DBB60>: Failed to resolve 'api.telegram.org' ([Errno 11002] getaddrinfo failed)"))
2024-09-27 07:36:52,148 - __main__ - INFO - Restarting bot in 10 seconds...
2024-09-27 07:37:02,161 - __main__ - INFO - Starting bot polling...
2024-09-27 08:04:17,565 - __main__ - ERROR - Error in main polling loop: HTTPSConnectionPool(host='api.telegram.org', port=443): Read timed out. (read timeout=25)
2024-09-27 08:04:17,565 - __main__ - INFO - Restarting bot in 10 seconds...
2024-09-27 08:04:27,578 - __main__ - INFO - Starting bot polling...
2024-09-27 08:10:07,439 - __main__ - INFO - Starting bot polling...
2024-09-27 08:13:46,713 - __main__ - INFO - Starting bot polling...
2024-09-27 08:15:37,372 - __main__ - INFO - Starting bot polling...
2024-09-27 08:16:01,395 - __main__ - INFO - Bot is running...
2024-09-27 08:16:01,395 - __main__ - INFO - Starting bot polling...
2024-09-27 08:17:00,427 - __main__ - INFO - Checking expired subscriptions...
2024-09-27 08:17:02,321 - httpx - INFO - HTTP Request: GET https://cbaoknlorxoueainhdxq.supabase.co/rest/v1/subscriptions?select=%2A&status=eq.active "HTTP/2 200 OK"
2024-09-27 08:40:55,612 - __main__ - INFO - Bot is running...
2024-09-27 08:40:55,612 - __main__ - INFO - Starting bot polling...
2024-09-27 08:42:00,646 - __main__ - INFO - Checking expired subscriptions...
2024-09-27 08:42:02,408 - httpx - INFO - HTTP Request: GET https://cbaoknlorxoueainhdxq.supabase.co/rest/v1/subscriptions?select=%2A&status=eq.active "HTTP/2 200 OK"
2024-09-27 08:42:02,416 - __main__ - WARNING - Subscription 1 has no expiration date, skipping...
2024-09-27 08:42:02,417 - __main__ - INFO - Finished checking expired subscriptions.
2024-09-27 08:51:08,355 - __main__ - ERROR - Error in main polling loop: HTTPSConnectionPool(host='api.telegram.org', port=443): Read timed out. (read timeout=25)
2024-09-27 08:51:08,370 - __main__ - INFO - Restarting bot in 10 seconds...
2024-09-27 08:51:18,372 - __main__ - INFO - Starting bot polling...
2024-09-27 08:57:47,550 - __main__ - ERROR - Error in main polling loop: HTTPSConnectionPool(host='api.telegram.org', port=443): Read timed out. (read timeout=25)
2024-09-27 08:57:47,550 - __main__ - INFO - Restarting bot in 10 seconds...
2024-09-27 08:57:57,565 - __main__ - INFO - Starting bot polling...
2024-09-27 09:26:28,767 - __main__ - ERROR - Error in main polling loop: HTTPSConnectionPool(host='api.telegram.org', port=443): Read timed out. (read timeout=25)
2024-09-27 09:26:28,767 - __main__ - INFO - Restarting bot in 10 seconds...
2024-09-27 09:26:38,774 - __main__ - INFO - Starting bot polling...
2024-09-27 09:26:49,824 - __main__ - ERROR - Error in main polling loop: HTTPSConnectionPool(host='api.telegram.org', port=443): Max retries exceeded with url: /bot7639027159:AAG_7J4Z-z7iSqqUtonWa6USDoFoXHzsjas/getUpdates?offset=1&timeout=20 (Caused by NameResolutionError("<urllib3.connection.HTTPSConnection object at 0x0000024F94D04350>: Failed to resolve 'api.telegram.org' ([Errno 11002] getaddrinfo failed)"))
2024-09-27 09:26:49,824 - __main__ - INFO - Restarting bot in 10 seconds...
2024-09-27 09:26:59,831 - __main__ - INFO - Starting bot polling...
2024-09-27 09:42:00,255 - __main__ - INFO - Checking expired subscriptions...
2024-09-27 09:42:01,326 - httpx - INFO - HTTP Request: GET https://cbaoknlorxoueainhdxq.supabase.co/rest/v1/subscriptions?select=%2A&status=eq.active "HTTP/2 200 OK"
2024-09-27 09:42:01,341 - __main__ - WARNING - Subscription 1 has no expiration date, skipping...
2024-09-27 09:42:01,341 - __main__ - INFO - Finished checking expired subscriptions.
2024-09-27 09:56:06,685 - __main__ - ERROR - Error in main polling loop: HTTPSConnectionPool(host='api.telegram.org', port=443): Read timed out. (read timeout=25)
2024-09-27 09:56:06,685 - __main__ - INFO - Restarting bot in 10 seconds...
2024-09-27 09:56:16,693 - __main__ - INFO - Starting bot polling...
2024-09-27 10:15:02,563 - httpx - INFO - HTTP Request: GET https://cbaoknlorxoueainhdxq.supabase.co/rest/v1/subscriptions?select=%2A&user_id=eq.6498326239&creator_id=eq.footfungus&status=eq.active "HTTP/2 200 OK"
2024-09-27 10:15:25,708 - httpx - INFO - HTTP Request: GET https://cbaoknlorxoueainhdxq.supabase.co/rest/v1/creators_page?select=%2A&username=eq.footfungus "HTTP/2 200 OK"
2024-09-27 10:15:26,583 - __main__ - ERROR - Error in main polling loop: 'account_number'
2024-09-27 10:15:26,583 - __main__ - INFO - Restarting bot in 10 seconds...
2024-09-27 10:15:36,585 - __main__ - INFO - Starting bot polling...
2024-09-27 10:18:43,322 - __main__ - ERROR - Error in main polling loop: HTTPSConnectionPool(host='api.telegram.org', port=443): Read timed out. (read timeout=25)
2024-09-27 10:18:43,322 - __main__ - INFO - Restarting bot in 10 seconds...
2024-09-27 10:18:53,330 - __main__ - INFO - Starting bot polling...
2024-09-27 10:19:05,347 - __main__ - ERROR - Error in main polling loop: HTTPSConnectionPool(host='api.telegram.org', port=443): Max retries exceeded with url: /bot7639027159:AAG_7J4Z-z7iSqqUtonWa6USDoFoXHzsjas/getUpdates?offset=398524692&timeout=20 (Caused by NameResolutionError("<urllib3.connection.HTTPSConnection object at 0x0000024F94F12840>: Failed to resolve 'api.telegram.org' ([Errno 11001] getaddrinfo failed)"))
2024-09-27 10:19:05,347 - __main__ - INFO - Restarting bot in 10 seconds...
2024-09-27 10:19:15,355 - __main__ - INFO - Starting bot polling...
2024-09-27 10:19:15,355 - __main__ - ERROR - Error in main polling loop: HTTPSConnectionPool(host='api.telegram.org', port=443): Max retries exceeded with url: /bot7639027159:AAG_7J4Z-z7iSqqUtonWa6USDoFoXHzsjas/getUpdates?offset=398524692&timeout=20 (Caused by NameResolutionError("<urllib3.connection.HTTPSConnection object at 0x0000024F94F377A0>: Failed to resolve 'api.telegram.org' ([Errno 11001] getaddrinfo failed)"))
2024-09-27 10:19:15,355 - __main__ - INFO - Restarting bot in 10 seconds...
2024-09-27 10:19:25,362 - __main__ - INFO - Starting bot polling...
2024-09-27 10:19:25,362 - __main__ - ERROR - Error in main polling loop: HTTPSConnectionPool(host='api.telegram.org', port=443): Max retries exceeded with url: /bot7639027159:AAG_7J4Z-z7iSqqUtonWa6USDoFoXHzsjas/getUpdates?offset=398524692&timeout=20 (Caused by NameResolutionError("<urllib3.connection.HTTPSConnection object at 0x0000024F94F34830>: Failed to resolve 'api.telegram.org' ([Errno 11001] getaddrinfo failed)"))
2024-09-27 10:19:25,370 - __main__ - INFO - Restarting bot in 10 seconds...
2024-09-27 10:19:35,374 - __main__ - INFO - Starting bot polling...
2024-09-27 10:19:35,374 - __main__ - ERROR - Error in main polling loop: HTTPSConnectionPool(host='api.telegram.org', port=443): Max retries exceeded with url: /bot7639027159:AAG_7J4Z-z7iSqqUtonWa6USDoFoXHzsjas/getUpdates?offset=398524692&timeout=20 (Caused by NameResolutionError("<urllib3.connection.HTTPSConnection object at 0x0000024F94F347D0>: Failed to resolve 'api.telegram.org' ([Errno 11001] getaddrinfo failed)"))
2024-09-27 10:19:35,374 - __main__ - INFO - Restarting bot in 10 seconds...
2024-09-27 10:19:45,384 - __main__ - INFO - Starting bot polling...
2024-09-27 10:19:45,403 - __main__ - ERROR - Error in main polling loop: HTTPSConnectionPool(host='api.telegram.org', port=443): Max retries exceeded with url: /bot7639027159:AAG_7J4Z-z7iSqqUtonWa6USDoFoXHzsjas/getUpdates?offset=398524692&timeout=20 (Caused by NameResolutionError("<urllib3.connection.HTTPSConnection object at 0x0000024F94F12AE0>: Failed to resolve 'api.telegram.org' ([Errno 11001] getaddrinfo failed)"))
2024-09-27 10:19:45,404 - __main__ - INFO - Restarting bot in 10 seconds...
2024-09-27 10:19:55,406 - __main__ - INFO - Starting bot polling...
2024-09-27 10:19:55,416 - __main__ - ERROR - Error in main polling loop: HTTPSConnectionPool(host='api.telegram.org', port=443): Max retries exceeded with url: /bot7639027159:AAG_7J4Z-z7iSqqUtonWa6USDoFoXHzsjas/getUpdates?offset=398524692&timeout=20 (Caused by NameResolutionError("<urllib3.connection.HTTPSConnection object at 0x0000024F94F54830>: Failed to resolve 'api.telegram.org' ([Errno 11002] getaddrinfo failed)"))
2024-09-27 10:19:55,425 - __main__ - INFO - Restarting bot in 10 seconds...
2024-09-27 10:20:05,428 - __main__ - INFO - Starting bot polling...
2024-09-27 10:20:05,445 - __main__ - ERROR - Error in main polling loop: HTTPSConnectionPool(host='api.telegram.org', port=443): Max retries exceeded with url: /bot7639027159:AAG_7J4Z-z7iSqqUtonWa6USDoFoXHzsjas/getUpdates?offset=398524692&timeout=20 (Caused by NameResolutionError("<urllib3.connection.HTTPSConnection object at 0x0000024F94F559D0>: Failed to resolve 'api.telegram.org' ([Errno 11002] getaddrinfo failed)"))
2024-09-27 10:20:05,446 - __main__ - INFO - Restarting bot in 10 seconds...
2024-09-27 10:20:15,448 - __main__ - INFO - Starting bot polling...
2024-09-27 10:20:15,463 - __main__ - ERROR - Error in main polling loop: HTTPSConnectionPool(host='api.telegram.org', port=443): Max retries exceeded with url: /bot7639027159:AAG_7J4Z-z7iSqqUtonWa6USDoFoXHzsjas/getUpdates?offset=398524692&timeout=20 (Caused by NameResolutionError("<urllib3.connection.HTTPSConnection object at 0x0000024F94F356D0>: Failed to resolve 'api.telegram.org' ([Errno 11002] getaddrinfo failed)"))
2024-09-27 10:20:15,464 - __main__ - INFO - Restarting bot in 10 seconds...
2024-09-27 10:20:25,465 - __main__ - INFO - Starting bot polling...
2024-09-27 10:20:25,696 - __main__ - ERROR - Error in main polling loop: HTTPSConnectionPool(host='api.telegram.org', port=443): Max retries exceeded with url: /bot7639027159:AAG_7J4Z-z7iSqqUtonWa6USDoFoXHzsjas/getUpdates?offset=398524692&timeout=20 (Caused by NameResolutionError("<urllib3.connection.HTTPSConnection object at 0x0000024F94F36F30>: Failed to resolve 'api.telegram.org' ([Errno 11002] getaddrinfo failed)"))
2024-09-27 10:20:25,696 - __main__ - INFO - Restarting bot in 10 seconds...
2024-09-27 10:20:35,700 - __main__ - INFO - Starting bot polling...
2024-09-27 10:20:37,753 - __main__ - ERROR - Error in main polling loop: HTTPSConnectionPool(host='api.telegram.org', port=443): Max retries exceeded with url: /bot7639027159:AAG_7J4Z-z7iSqqUtonWa6USDoFoXHzsjas/getUpdates?offset=398524692&timeout=20 (Caused by NameResolutionError("<urllib3.connection.HTTPSConnection object at 0x0000024F94F13F20>: Failed to resolve 'api.telegram.org' ([Errno 11002] getaddrinfo failed)"))
2024-09-27 10:20:37,753 - __main__ - INFO - Restarting bot in 10 seconds...
2024-09-27 10:20:47,756 - __main__ - INFO - Starting bot polling...
2024-09-27 10:20:47,793 - __main__ - ERROR - Error in main polling loop: HTTPSConnectionPool(host='api.telegram.org', port=443): Max retries exceeded with url: /bot7639027159:AAG_7J4Z-z7iSqqUtonWa6USDoFoXHzsjas/getUpdates?offset=398524692&timeout=20 (Caused by NameResolutionError("<urllib3.connection.HTTPSConnection object at 0x0000024F94F37590>: Failed to resolve 'api.telegram.org' ([Errno 11002] getaddrinfo failed)"))
2024-09-27 10:20:47,794 - __main__ - INFO - Restarting bot in 10 seconds...
2024-09-27 10:20:57,796 - __main__ - INFO - Starting bot polling...
2024-09-27 10:20:57,796 - __main__ - ERROR - Error in main polling loop: HTTPSConnectionPool(host='api.telegram.org', port=443): Max retries exceeded with url: /bot7639027159:AAG_7J4Z-z7iSqqUtonWa6USDoFoXHzsjas/getUpdates?offset=398524692&timeout=20 (Caused by NameResolutionError("<urllib3.connection.HTTPSConnection object at 0x0000024F94F35C10>: Failed to resolve 'api.telegram.org' ([Errno 11001] getaddrinfo failed)"))
2024-09-27 10:20:57,796 - __main__ - INFO - Restarting bot in 10 seconds...
2024-09-27 10:21:07,808 - __main__ - INFO - Starting bot polling...
2024-09-27 10:21:07,811 - __main__ - ERROR - Error in main polling loop: HTTPSConnectionPool(host='api.telegram.org', port=443): Max retries exceeded with url: /bot7639027159:AAG_7J4Z-z7iSqqUtonWa6USDoFoXHzsjas/getUpdates?offset=398524692&timeout=20 (Caused by NameResolutionError("<urllib3.connection.HTTPSConnection object at 0x0000024F94F367B0>: Failed to resolve 'api.telegram.org' ([Errno 11002] getaddrinfo failed)"))
2024-09-27 10:21:07,811 - __main__ - INFO - Restarting bot in 10 seconds...
2024-09-27 10:21:17,818 - __main__ - INFO - Starting bot polling...
2024-09-27 10:34:14,687 - __main__ - ERROR - Error in main polling loop: HTTPSConnectionPool(host='api.telegram.org', port=443): Read timed out. (read timeout=25)
2024-09-27 10:34:14,687 - __main__ - INFO - Restarting bot in 10 seconds...
2024-09-27 10:34:24,695 - __main__ - INFO - Starting bot polling...
2024-09-27 10:34:44,698 - __main__ - ERROR - Error in main polling loop: HTTPSConnectionPool(host='api.telegram.org', port=443): Max retries exceeded with url: /bot7639027159:AAG_7J4Z-z7iSqqUtonWa6USDoFoXHzsjas/getUpdates?offset=398524692&timeout=20 (Caused by ConnectTimeoutError(<urllib3.connection.HTTPSConnection object at 0x0000024F94F10050>, 'Connection to api.telegram.org timed out. (connect timeout=20)'))
2024-09-27 10:34:44,698 - __main__ - INFO - Restarting bot in 10 seconds...
2024-09-27 10:34:54,702 - __main__ - INFO - Starting bot polling...
2024-09-27 10:37:27,058 - httpx - INFO - HTTP Request: GET https://cbaoknlorxoueainhdxq.supabase.co/rest/v1/subscriptions?select=%2A&user_id=eq.6498326239&creator_id=eq.footfungus&status=eq.active "HTTP/2 200 OK"
2024-09-27 10:37:34,694 - __main__ - INFO - Starting bot polling...
2024-09-27 10:37:37,701 - __main__ - INFO - Starting bot polling...
2024-09-27 10:37:45,575 - __main__ - INFO - Bot is running...
2024-09-27 10:37:45,575 - __main__ - INFO - Starting bot polling...
2024-09-27 10:37:58,137 - httpx - INFO - HTTP Request: GET https://cbaoknlorxoueainhdxq.supabase.co/rest/v1/subscriptions?select=%2A&user_id=eq.6498326239&creator_id=eq.footfungus&status=eq.active "HTTP/2 200 OK"
2024-09-27 10:37:58,461 - __main__ - ERROR - Error in main polling loop: 'int' object has no attribute 'chat'
2024-09-27 10:37:58,461 - __main__ - INFO - Restarting bot in 10 seconds...
2024-09-27 10:38:08,462 - __main__ - INFO - Starting bot polling...
2024-09-27 10:42:00,840 - __main__ - INFO - Checking expired subscriptions...
2024-09-27 10:42:01,925 - httpx - INFO - HTTP Request: GET https://cbaoknlorxoueainhdxq.supabase.co/rest/v1/subscriptions?select=%2A&status=eq.active "HTTP/2 200 OK"
2024-09-27 10:42:01,925 - __main__ - WARNING - Subscription 1 has no expiration date, skipping...
2024-09-27 10:42:01,925 - __main__ - INFO - Finished checking expired subscriptions.
2024-09-27 10:42:26,854 - httpx - INFO - HTTP Request: GET https://cbaoknlorxoueainhdxq.supabase.co/rest/v1/subscriptions?select=%2A&user_id=eq.6498326239&creator_id=eq.footfungus&status=eq.active "HTTP/2 200 OK"
2024-09-27 10:42:27,189 - __main__ - ERROR - Error in main polling loop: 'int' object has no attribute 'chat'
2024-09-27 10:42:27,190 - __main__ - INFO - Restarting bot in 10 seconds...
2024-09-27 10:42:37,191 - __main__ - INFO - Starting bot polling...
2024-09-27 10:43:38,946 - __main__ - INFO - Bot is running...
2024-09-27 10:43:38,946 - __main__ - INFO - Starting bot polling...
2024-09-27 10:43:54,243 - httpx - INFO - HTTP Request: GET https://cbaoknlorxoueainhdxq.supabase.co/rest/v1/subscriptions?select=%2A&user_id=eq.6498326239&creator_id=eq.footfungus&status=eq.active "HTTP/2 200 OK"
2024-09-27 10:44:08,864 - httpx - INFO - HTTP Request: GET https://cbaoknlorxoueainhdxq.supabase.co/rest/v1/creators_page?select=%2A&username=eq.footfungus "HTTP/2 200 OK"
2024-09-27 10:44:27,133 - httpx - INFO - HTTP Request: GET https://cbaoknlorxoueainhdxq.supabase.co/rest/v1/subscriptions?select=%2A&user_id=eq.6498326239&creator_id=eq.footfungus&status=eq.active "HTTP/2 200 OK"
2024-09-27 10:44:27,142 - __main__ - ERROR - Error in main polling loop: cannot access local variable 'creator' where it is not associated with a value
2024-09-27 10:44:27,142 - __main__ - INFO - Restarting bot in 10 seconds...
2024-09-27 10:44:37,143 - __main__ - INFO - Starting bot polling...
2024-09-27 10:49:26,752 - __main__ - INFO - Bot is running...
2024-09-27 10:49:26,752 - __main__ - INFO - Starting bot polling...
2024-09-27 10:49:51,341 - httpx - INFO - HTTP Request: GET https://cbaoknlorxoueainhdxq.supabase.co/rest/v1/subscriptions?select=%2A&user_id=eq.6498326239&creator_id=eq.footfungus&status=eq.active "HTTP/2 200 OK"
2024-09-27 10:49:51,350 - __main__ - ERROR - Error in main polling loop: cannot access local variable 'creator' where it is not associated with a value
2024-09-27 10:49:51,351 - __main__ - INFO - Restarting bot in 10 seconds...
2024-09-27 10:50:01,351 - __main__ - INFO - Starting bot polling...
2024-09-27 10:52:41,138 - __main__ - INFO - Bot is running...
2024-09-27 10:52:41,138 - __main__ - INFO - Starting bot polling...
2024-09-27 10:52:51,817 - httpx - INFO - HTTP Request: GET https://cbaoknlorxoueainhdxq.supabase.co/rest/v1/creators_page?select=%2A&username=eq.footfungus "HTTP/2 200 OK"
2024-09-27 10:52:52,296 - httpx - INFO - HTTP Request: GET https://cbaoknlorxoueainhdxq.supabase.co/rest/v1/subscriptions?select=%2A&user_id=eq.6498326239&creator_id=eq.footfungus&status=eq.active "HTTP/2 200 OK"
2024-09-27 10:52:52,301 - __main__ - ERROR - Error in main polling loop: 6498326239
2024-09-27 10:52:52,302 - __main__ - INFO - Restarting bot in 10 seconds...
2024-09-27 10:53:02,303 - __main__ - INFO - Starting bot polling...
2024-09-27 11:01:13,558 - __main__ - INFO - Bot is running...
2024-09-27 11:01:13,558 - __main__ - INFO - Starting bot polling...
2024-09-27 11:01:18,412 - httpx - INFO - HTTP Request: GET https://cbaoknlorxoueainhdxq.supabase.co/rest/v1/creators_page?select=%2A&username=eq.footfungus "HTTP/2 200 OK"
2024-09-27 11:01:18,428 - __main__ - ERROR - Error fetching subscription info: 6498326239
2024-09-27 11:01:50,180 - __main__ - ERROR - Error in main polling loop: 6498326239
2024-09-27 11:01:50,180 - __main__ - INFO - Restarting bot in 10 seconds...
2024-09-27 11:02:00,190 - __main__ - INFO - Starting bot polling...
2024-09-27 11:05:16,650 - httpx - INFO - HTTP Request: GET https://cbaoknlorxoueainhdxq.supabase.co/rest/v1/subscriptions?select=%2A&user_id=eq.6498326239&creator_id=eq.footfungus&status=eq.active "HTTP/2 200 OK"
2024-09-27 11:05:35,909 - httpx - INFO - HTTP Request: GET https://cbaoknlorxoueainhdxq.supabase.co/rest/v1/creators_page?select=%2A&username=eq.footfungus "HTTP/2 200 OK"
2024-09-27 11:05:43,100 - httpx - INFO - HTTP Request: GET https://cbaoknlorxoueainhdxq.supabase.co/rest/v1/creators_page?select=%2A&username=eq.footfungus "HTTP/2 200 OK"
2024-09-27 11:05:43,364 - httpx - INFO - HTTP Request: GET https://cbaoknlorxoueainhdxq.supabase.co/rest/v1/subscriptions?select=%2A&user_id=eq.6498326239&creator_id=eq.footfungus&status=eq.active "HTTP/2 200 OK"
2024-09-27 11:05:44,067 - httpx - INFO - HTTP Request: POST https://cbaoknlorxoueainhdxq.supabase.co/rest/v1/subscriptions "HTTP/2 201 Created"
2024-09-27 11:11:52,890 - __main__ - ERROR - Error in main polling loop: ('Connection aborted.', RemoteDisconnected('Remote end closed connection without response'))
2024-09-27 11:11:52,937 - __main__ - INFO - Restarting bot in 10 seconds...
2024-09-27 11:12:02,960 - __main__ - INFO - Starting bot polling...
2024-09-27 11:30:21,408 - __main__ - INFO - Bot is running...
2024-09-27 11:30:21,423 - __main__ - INFO - Starting bot polling...
2024-09-27 11:31:10,207 - httpx - INFO - HTTP Request: POST https://cbaoknlorxoueainhdxq.supabase.co/rest/v1/subscription_requests "HTTP/2 201 Created"
2024-09-27 11:31:10,602 - httpx - INFO - HTTP Request: GET https://cbaoknlorxoueainhdxq.supabase.co/rest/v1/subscription_requests?select=%2A&user_id=eq.6498326239&status=eq.pending "HTTP/2 200 OK"
2024-09-27 11:31:15,060 - httpx - INFO - HTTP Request: GET https://cbaoknlorxoueainhdxq.supabase.co/rest/v1/subscriptions?select=%2A&user_id=eq.6498326239&creator_id=eq.footfungus&status=eq.active "HTTP/2 200 OK"
2024-09-27 11:31:15,143 - __main__ - ERROR - Error in main polling loop: Object of type Contact is not JSON serializable
2024-09-27 11:31:15,144 - __main__ - INFO - Restarting bot in 10 seconds...
2024-09-27 11:31:25,146 - __main__ - INFO - Starting bot polling...
2024-09-27 11:32:10,249 - __main__ - INFO - Bot is running...
2024-09-27 11:32:10,273 - __main__ - INFO - Starting bot polling...
2024-09-27 11:32:15,700 - httpx - INFO - HTTP Request: POST https://cbaoknlorxoueainhdxq.supabase.co/rest/v1/subscription_requests "HTTP/2 201 Created"
2024-09-27 11:32:15,902 - httpx - INFO - HTTP Request: GET https://cbaoknlorxoueainhdxq.supabase.co/rest/v1/subscription_requests?select=%2A&user_id=eq.6498326239&status=eq.pending "HTTP/2 200 OK"
2024-09-27 11:32:19,135 - httpx - INFO - HTTP Request: GET https://cbaoknlorxoueainhdxq.supabase.co/rest/v1/subscriptions?select=%2A&user_id=eq.6498326239&creator_id=eq.footfungus&status=eq.active "HTTP/2 200 OK"
2024-09-27 11:32:19,142 - __main__ - ERROR - Error in main polling loop: 'Contact' object has no attribute 'json'
2024-09-27 11:32:19,143 - __main__ - INFO - Restarting bot in 10 seconds...
2024-09-27 11:32:29,145 - __main__ - INFO - Starting bot polling...
2024-09-27 11:35:12,860 - __main__ - INFO - Bot is running...
2024-09-27 11:35:12,860 - __main__ - INFO - Starting bot polling...
2024-09-27 11:35:20,570 - httpx - INFO - HTTP Request: POST https://cbaoknlorxoueainhdxq.supabase.co/rest/v1/subscription_requests "HTTP/2 201 Created"
2024-09-27 11:35:20,822 - httpx - INFO - HTTP Request: GET https://cbaoknlorxoueainhdxq.supabase.co/rest/v1/subscription_requests?select=%2A&user_id=eq.6498326239&status=eq.pending "HTTP/2 200 OK"
2024-09-27 11:35:23,090 - httpx - INFO - HTTP Request: GET https://cbaoknlorxoueainhdxq.supabase.co/rest/v1/subscriptions?select=%2A&user_id=eq.6498326239&creator_id=eq.footfungus&status=eq.active "HTTP/2 200 OK"
2024-09-27 11:35:23,099 - __main__ - ERROR - Error in main polling loop: Object of type Contact is not JSON serializable
2024-09-27 11:35:23,100 - __main__ - INFO - Restarting bot in 10 seconds...
2024-09-27 11:35:33,101 - __main__ - INFO - Starting bot polling...
2024-09-27 11:37:09,846 - __main__ - INFO - Bot is running...
2024-09-27 11:37:09,846 - __main__ - INFO - Starting bot polling...
2024-09-27 11:37:21,001 - httpx - INFO - HTTP Request: POST https://cbaoknlorxoueainhdxq.supabase.co/rest/v1/subscription_requests "HTTP/2 201 Created"
2024-09-27 11:37:21,240 - httpx - INFO - HTTP Request: GET https://cbaoknlorxoueainhdxq.supabase.co/rest/v1/subscription_requests?select=%2A&user_id=eq.6498326239&status=eq.pending "HTTP/2 200 OK"
2024-09-27 11:37:23,598 - httpx - INFO - HTTP Request: GET https://cbaoknlorxoueainhdxq.supabase.co/rest/v1/subscriptions?select=%2A&user_id=eq.6498326239&creator_id=eq.footfungus&status=eq.active "HTTP/2 200 OK"
2024-09-27 11:37:23,610 - __main__ - ERROR - Error in main polling loop: Object of type Contact is not JSON serializable
2024-09-27 11:37:23,611 - __main__ - INFO - Restarting bot in 10 seconds...
2024-09-27 11:37:33,612 - __main__ - INFO - Starting bot polling...
2024-09-27 11:39:47,507 - __main__ - INFO - Bot is running...
2024-09-27 11:39:47,509 - __main__ - INFO - Starting bot polling...
2024-09-27 11:39:58,140 - httpx - INFO - HTTP Request: POST https://cbaoknlorxoueainhdxq.supabase.co/rest/v1/subscription_requests "HTTP/2 201 Created"
2024-09-27 11:39:58,374 - httpx - INFO - HTTP Request: GET https://cbaoknlorxoueainhdxq.supabase.co/rest/v1/subscription_requests?select=%2A&user_id=eq.6498326239&status=eq.pending "HTTP/2 200 OK"
2024-09-27 11:40:02,242 - httpx - INFO - HTTP Request: GET https://cbaoknlorxoueainhdxq.supabase.co/rest/v1/subscriptions?select=%2A&user_id=eq.6498326239&creator_id=eq.footfungus&status=eq.active "HTTP/2 200 OK"
2024-09-27 11:40:02,451 - httpx - INFO - HTTP Request: POST https://cbaoknlorxoueainhdxq.supabase.co/rest/v1/subscription_requests "HTTP/2 201 Created"
2024-09-27 11:40:55,173 - httpx - INFO - HTTP Request: POST https://cbaoknlorxoueainhdxq.supabase.co/rest/v1/subscription_requests "HTTP/2 201 Created"
2024-09-27 11:41:52,856 - httpx - INFO - HTTP Request: POST https://cbaoknlorxoueainhdxq.supabase.co/rest/v1/subscription_requests "HTTP/2 201 Created"
2024-09-27 11:41:53,144 - httpx - INFO - HTTP Request: GET https://cbaoknlorxoueainhdxq.supabase.co/rest/v1/subscription_requests?select=%2A&user_id=eq.6498326239&status=eq.pending "HTTP/2 200 OK"
2024-09-27 11:41:53,150 - __main__ - ERROR - Error in main polling loop: 'creator_id'
2024-09-27 11:41:53,150 - __main__ - INFO - Restarting bot in 10 seconds...
2024-09-27 11:42:00,647 - __main__ - INFO - Checking expired subscriptions...
2024-09-27 11:42:01,139 - httpx - INFO - HTTP Request: GET https://cbaoknlorxoueainhdxq.supabase.co/rest/v1/subscriptions?select=%2A&status=eq.active "HTTP/2 200 OK"
2024-09-27 11:42:01,147 - __main__ - WARNING - Subscription 1 has no expiration date, skipping...
2024-09-27 11:42:01,148 - __main__ - INFO - Finished checking expired subscriptions.
2024-09-27 11:42:03,152 - __main__ - INFO - Starting bot polling...
2024-09-27 12:42:00,609 - __main__ - INFO - Checking expired subscriptions...
2024-09-27 12:42:01,566 - httpx - INFO - HTTP Request: GET https://cbaoknlorxoueainhdxq.supabase.co/rest/v1/subscriptions?select=%2A&status=eq.active "HTTP/2 200 OK"
2024-09-27 12:42:01,582 - __main__ - WARNING - Subscription 1 has no expiration date, skipping...
2024-09-27 12:42:01,582 - __main__ - INFO - Finished checking expired subscriptions.
2024-09-27 13:42:00,817 - __main__ - INFO - Checking expired subscriptions...
2024-09-27 13:42:02,498 - httpx - INFO - HTTP Request: GET https://cbaoknlorxoueainhdxq.supabase.co/rest/v1/subscriptions?select=%2A&status=eq.active "HTTP/2 200 OK"
2024-09-27 13:42:02,499 - __main__ - WARNING - Subscription 1 has no expiration date, skipping...
2024-09-27 13:42:02,500 - __main__ - INFO - Finished checking expired subscriptions.
2024-09-27 14:40:00,714 - __main__ - INFO - Bot is running...
2024-09-27 14:40:00,714 - __main__ - INFO - Starting bot polling...
2024-09-27 14:40:24,522 - httpx - INFO - HTTP Request: GET https://cbaoknlorxoueainhdxq.supabase.co/rest/v1/subscription_requests?select=%2A&user_id=eq.6498326239&status=eq.pending "HTTP/2 200 OK"
2024-09-27 14:40:24,919 - httpx - INFO - HTTP Request: POST https://cbaoknlorxoueainhdxq.supabase.co/rest/v1/subscription_requests "HTTP/2 201 Created"
2024-09-27 14:40:28,337 - httpx - INFO - HTTP Request: GET https://cbaoknlorxoueainhdxq.supabase.co/rest/v1/subscription_requests?select=%2A&user_id=eq.6498326239&status=eq.pending "HTTP/2 200 OK"
2024-09-27 14:40:28,566 - httpx - INFO - HTTP Request: GET https://cbaoknlorxoueainhdxq.supabase.co/rest/v1/subscriptions?select=%2A&user_id=eq.6498326239&creator_id=eq.footfungus&status=eq.active "HTTP/2 200 OK"
2024-09-27 14:40:28,801 - httpx - INFO - HTTP Request: PATCH https://cbaoknlorxoueainhdxq.supabase.co/rest/v1/subscription_requests?user_id=eq.6498326239&status=eq.pending "HTTP/2 200 OK"
2024-09-27 14:40:45,960 - httpx - INFO - HTTP Request: PATCH https://cbaoknlorxoueainhdxq.supabase.co/rest/v1/subscription_requests?user_id=eq.6498326239&status=eq.pending "HTTP/2 200 OK"
2024-09-27 14:40:59,602 - httpx - INFO - HTTP Request: PATCH https://cbaoknlorxoueainhdxq.supabase.co/rest/v1/subscription_requests?user_id=eq.6498326239&status=eq.pending "HTTP/2 200 OK"
2024-09-27 14:40:59,852 - httpx - INFO - HTTP Request: GET https://cbaoknlorxoueainhdxq.supabase.co/rest/v1/subscription_requests?select=%2A&user_id=eq.6498326239&status=eq.pending "HTTP/2 200 OK"
2024-09-27 14:41:00,082 - httpx - INFO - HTTP Request: GET https://cbaoknlorxoueainhdxq.supabase.co/rest/v1/creators_page?select=%2A&username=eq.footfungus "HTTP/2 200 OK"
2024-09-27 14:41:03,521 - httpx - INFO - HTTP Request: PATCH https://cbaoknlorxoueainhdxq.supabase.co/rest/v1/subscription_requests?user_id=eq.6498326239&status=eq.pending "HTTP/2 200 OK"
2024-09-27 14:41:12,793 - httpx - INFO - HTTP Request: GET https://cbaoknlorxoueainhdxq.supabase.co/rest/v1/creators_page?select=%2A&username=eq.footfungus "HTTP/2 200 OK"
2024-09-27 14:41:13,046 - httpx - INFO - HTTP Request: GET https://cbaoknlorxoueainhdxq.supabase.co/rest/v1/subscription_requests?select=%2A&user_id=eq.6498326239&status=eq.pending "HTTP/2 200 OK"
2024-09-27 14:41:13,264 - httpx - INFO - HTTP Request: GET https://cbaoknlorxoueainhdxq.supabase.co/rest/v1/subscriptions?select=%2A&user_id=eq.6498326239&creator_id=eq.footfungus&status=eq.active "HTTP/2 200 OK"
2024-09-27 14:41:13,507 - httpx - INFO - HTTP Request: POST https://cbaoknlorxoueainhdxq.supabase.co/rest/v1/subscriptions "HTTP/2 201 Created"
2024-09-27 14:41:13,976 - __main__ - ERROR - Error in main polling loop: 6498326239
2024-09-27 14:41:13,977 - __main__ - INFO - Restarting bot in 10 seconds...
2024-09-27 14:41:23,978 - __main__ - INFO - Starting bot polling...
2024-09-27 14:42:00,879 - __main__ - INFO - Checking expired subscriptions...
2024-09-27 14:42:01,399 - httpx - INFO - HTTP Request: GET https://cbaoknlorxoueainhdxq.supabase.co/rest/v1/subscriptions?select=%2A&status=eq.active "HTTP/2 200 OK"
2024-09-27 14:42:01,399 - __main__ - WARNING - Subscription 1 has no expiration date, skipping...
2024-09-27 14:42:01,399 - __main__ - INFO - Finished checking expired subscriptions.
2024-09-27 14:44:33,999 - httpx - INFO - HTTP Request: GET https://cbaoknlorxoueainhdxq.supabase.co/rest/v1/subscriptions?select=%2A&user_id=eq.6498326239&status=eq.active "HTTP/2 200 OK"
2024-09-27 14:45:57,093 - __main__ - INFO - Starting bot polling...
2024-09-27 14:46:04,357 - __main__ - INFO - Bot is running...
2024-09-27 14:46:04,359 - __main__ - INFO - Starting bot polling...
2024-09-27 14:46:16,717 - httpx - INFO - HTTP Request: GET https://cbaoknlorxoueainhdxq.supabase.co/rest/v1/subscription_requests?select=%2A&user_id=eq.6498326239&status=eq.pending "HTTP/2 200 OK"
2024-09-27 14:46:16,957 - httpx - INFO - HTTP Request: PATCH https://cbaoknlorxoueainhdxq.supabase.co/rest/v1/subscription_requests?id=eq.1 "HTTP/2 200 OK"
2024-09-27 14:50:31,682 - httpx - INFO - HTTP Request: GET https://cbaoknlorxoueainhdxq.supabase.co/rest/v1/subscription_requests?select=%2A&user_id=eq.6498326239&status=eq.pending "HTTP/2 200 OK"
2024-09-27 14:50:31,953 - httpx - INFO - HTTP Request: PATCH https://cbaoknlorxoueainhdxq.supabase.co/rest/v1/subscription_requests?id=eq.1 "HTTP/2 200 OK"
2024-09-27 14:50:43,824 - __main__ - INFO - Bot is running...
2024-09-27 14:50:43,825 - __main__ - INFO - Starting bot polling...
2024-09-27 14:50:49,912 - httpx - INFO - HTTP Request: GET https://cbaoknlorxoueainhdxq.supabase.co/rest/v1/subscriptions?select=%2A&user_id=eq.6498326239&creator_id=eq.footfungus&status=eq.active "HTTP/2 200 OK"
2024-09-27 14:50:50,193 - httpx - INFO - HTTP Request: GET https://cbaoknlorxoueainhdxq.supabase.co/rest/v1/creators_page?select=%2A&username=eq.footfungus "HTTP/2 200 OK"
2024-09-27 14:51:06,209 - httpx - INFO - HTTP Request: GET https://cbaoknlorxoueainhdxq.supabase.co/rest/v1/subscriptions?select=%2A&user_id=eq.6498326239&telegram_user_id=eq.alyxgroup1&status=eq.active "HTTP/2 200 OK"
2024-09-27 14:59:00,416 - __main__ - INFO - Bot is running...
2024-09-27 14:59:00,423 - __main__ - INFO - Starting bot polling...
2024-09-27 14:59:30,994 - httpx - INFO - HTTP Request: GET https://cbaoknlorxoueainhdxq.supabase.co/rest/v1/subscriptions?select=%2A&user_id=eq.6498326239&creator_id=eq.footfungus&status=eq.active "HTTP/2 200 OK"
2024-09-27 14:59:31,227 - httpx - INFO - HTTP Request: GET https://cbaoknlorxoueainhdxq.supabase.co/rest/v1/subscription_requests?select=%2A&user_id=eq.6498326239&status=eq.pending "HTTP/2 200 OK"
2024-09-27 14:59:31,462 - httpx - INFO - HTTP Request: POST https://cbaoknlorxoueainhdxq.supabase.co/rest/v1/subscription_requests "HTTP/2 201 Created"
2024-09-27 14:59:35,449 - httpx - INFO - HTTP Request: GET https://cbaoknlorxoueainhdxq.supabase.co/rest/v1/subscription_requests?select=%2A&user_id=eq.6498326239&status=eq.pending "HTTP/2 200 OK"
2024-09-27 14:59:35,704 - httpx - INFO - HTTP Request: GET https://cbaoknlorxoueainhdxq.supabase.co/rest/v1/subscriptions?select=%2A&user_id=eq.6498326239&creator_id=eq.footfungus&status=eq.active "HTTP/2 200 OK"
2024-09-27 14:59:36,104 - httpx - INFO - HTTP Request: PATCH https://cbaoknlorxoueainhdxq.supabase.co/rest/v1/subscription_requests?user_id=eq.6498326239&status=eq.pending "HTTP/2 200 OK"
2024-09-27 14:59:43,591 - httpx - INFO - HTTP Request: PATCH https://cbaoknlorxoueainhdxq.supabase.co/rest/v1/subscription_requests?user_id=eq.6498326239&status=eq.pending "HTTP/2 200 OK"
2024-09-27 14:59:55,747 - httpx - INFO - HTTP Request: PATCH https://cbaoknlorxoueainhdxq.supabase.co/rest/v1/subscription_requests?user_id=eq.6498326239&status=eq.pending "HTTP/2 200 OK"
2024-09-27 14:59:55,979 - httpx - INFO - HTTP Request: GET https://cbaoknlorxoueainhdxq.supabase.co/rest/v1/subscription_requests?select=%2A&user_id=eq.6498326239&status=eq.pending "HTTP/2 200 OK"
2024-09-27 14:59:56,220 - httpx - INFO - HTTP Request: GET https://cbaoknlorxoueainhdxq.supabase.co/rest/v1/creators_page?select=%2A&username=eq.footfungus "HTTP/2 200 OK"
2024-09-27 14:59:59,704 - httpx - INFO - HTTP Request: PATCH https://cbaoknlorxoueainhdxq.supabase.co/rest/v1/subscription_requests?user_id=eq.6498326239&status=eq.pending "HTTP/2 200 OK"
2024-09-27 15:00:15,100 - httpx - INFO - HTTP Request: GET https://cbaoknlorxoueainhdxq.supabase.co/rest/v1/creators_page?select=%2A&username=eq.footfungus "HTTP/2 200 OK"
2024-09-27 15:00:15,348 - httpx - INFO - HTTP Request: GET https://cbaoknlorxoueainhdxq.supabase.co/rest/v1/subscription_requests?select=%2A&user_id=eq.6498326239&status=eq.pending "HTTP/2 200 OK"
2024-09-27 15:00:15,579 - httpx - INFO - HTTP Request: GET https://cbaoknlorxoueainhdxq.supabase.co/rest/v1/subscriptions?select=%2A&user_id=eq.6498326239&creator_id=eq.footfungus&status=eq.active "HTTP/2 200 OK"
2024-09-27 15:00:15,821 - httpx - INFO - HTTP Request: POST https://cbaoknlorxoueainhdxq.supabase.co/rest/v1/subscriptions "HTTP/2 400 Bad Request"
2024-09-27 15:00:15,829 - __main__ - ERROR - Error in main polling loop: {'code': 'PGRST204', 'details': None, 'hint': None, 'message': "Could not find the 'subscription_date' column of 'subscriptions' in the schema cache"}
2024-09-27 15:00:15,830 - __main__ - INFO - Restarting bot in 10 seconds...
2024-09-27 15:00:25,834 - __main__ - INFO - Starting bot polling...
2024-09-27 15:05:09,208 - __main__ - INFO - Bot is running...
2024-09-27 15:05:09,208 - __main__ - INFO - Starting bot polling...
2024-09-27 15:05:14,343 - httpx - INFO - HTTP Request: GET https://cbaoknlorxoueainhdxq.supabase.co/rest/v1/creators_page?select=%2A&username=eq.footfungus "HTTP/2 200 OK"
2024-09-27 15:05:14,587 - httpx - INFO - HTTP Request: GET https://cbaoknlorxoueainhdxq.supabase.co/rest/v1/subscription_requests?select=%2A&user_id=eq.6498326239&status=eq.pending "HTTP/2 200 OK"
2024-09-27 15:05:14,826 - httpx - INFO - HTTP Request: GET https://cbaoknlorxoueainhdxq.supabase.co/rest/v1/subscriptions?select=%2A&user_id=eq.6498326239&creator_id=eq.footfungus&status=eq.active "HTTP/2 200 OK"
2024-09-27 15:05:15,102 - httpx - INFO - HTTP Request: POST https://cbaoknlorxoueainhdxq.supabase.co/rest/v1/subscriptions "HTTP/2 201 Created"
2024-09-27 15:05:15,355 - httpx - INFO - HTTP Request: PATCH https://cbaoknlorxoueainhdxq.supabase.co/rest/v1/subscription_requests?user_id=eq.6498326239&status=eq.pending "HTTP/2 200 OK"
2024-09-27 15:05:16,067 - __main__ - ERROR - Error adding user to group: 'TeleBot' object has no attribute 'add_chat_member'
2024-09-27 15:07:08,167 - httpx - INFO - HTTP Request: GET https://cbaoknlorxoueainhdxq.supabase.co/rest/v1/subscriptions?select=%2A&user_id=eq.6498326239&creator_id=eq.footfungus&status=eq.active "HTTP/2 200 OK"
2024-09-27 15:07:08,417 - httpx - INFO - HTTP Request: GET https://cbaoknlorxoueainhdxq.supabase.co/rest/v1/subscription_requests?select=%2A&user_id=eq.6498326239&status=eq.pending "HTTP/2 200 OK"
2024-09-27 15:07:08,684 - httpx - INFO - HTTP Request: POST https://cbaoknlorxoueainhdxq.supabase.co/rest/v1/subscription_requests "HTTP/2 201 Created"
2024-09-27 15:07:10,904 - httpx - INFO - HTTP Request: GET https://cbaoknlorxoueainhdxq.supabase.co/rest/v1/subscription_requests?select=%2A&user_id=eq.6498326239&status=eq.pending "HTTP/2 200 OK"
2024-09-27 15:07:11,140 - httpx - INFO - HTTP Request: GET https://cbaoknlorxoueainhdxq.supabase.co/rest/v1/subscriptions?select=%2A&user_id=eq.6498326239&creator_id=eq.footfungus&status=eq.active "HTTP/2 200 OK"
2024-09-27 15:07:11,418 - httpx - INFO - HTTP Request: PATCH https://cbaoknlorxoueainhdxq.supabase.co/rest/v1/subscription_requests?user_id=eq.6498326239&status=eq.pending "HTTP/2 200 OK"
2024-09-27 15:07:20,409 - httpx - INFO - HTTP Request: PATCH https://cbaoknlorxoueainhdxq.supabase.co/rest/v1/subscription_requests?user_id=eq.6498326239&status=eq.pending "HTTP/2 200 OK"
2024-09-27 15:07:35,241 - httpx - INFO - HTTP Request: PATCH https://cbaoknlorxoueainhdxq.supabase.co/rest/v1/subscription_requests?user_id=eq.6498326239&status=eq.pending "HTTP/2 200 OK"
2024-09-27 15:07:35,471 - httpx - INFO - HTTP Request: GET https://cbaoknlorxoueainhdxq.supabase.co/rest/v1/subscription_requests?select=%2A&user_id=eq.6498326239&status=eq.pending "HTTP/2 200 OK"
2024-09-27 15:07:35,760 - httpx - INFO - HTTP Request: GET https://cbaoknlorxoueainhdxq.supabase.co/rest/v1/creators_page?select=%2A&username=eq.footfungus "HTTP/2 200 OK"
2024-09-27 15:07:39,051 - httpx - INFO - HTTP Request: PATCH https://cbaoknlorxoueainhdxq.supabase.co/rest/v1/subscription_requests?user_id=eq.6498326239&status=eq.pending "HTTP/2 200 OK"
2024-09-27 15:07:54,462 - httpx - INFO - HTTP Request: GET https://cbaoknlorxoueainhdxq.supabase.co/rest/v1/creators_page?select=%2A&username=eq.footfungus "HTTP/2 200 OK"
2024-09-27 15:07:54,695 - httpx - INFO - HTTP Request: GET https://cbaoknlorxoueainhdxq.supabase.co/rest/v1/subscription_requests?select=%2A&user_id=eq.6498326239&status=eq.pending "HTTP/2 200 OK"
2024-09-27 15:07:54,956 - httpx - INFO - HTTP Request: GET https://cbaoknlorxoueainhdxq.supabase.co/rest/v1/subscriptions?select=%2A&user_id=eq.6498326239&creator_id=eq.footfungus&status=eq.active "HTTP/2 200 OK"
2024-09-27 15:07:55,229 - httpx - INFO - HTTP Request: POST https://cbaoknlorxoueainhdxq.supabase.co/rest/v1/subscriptions "HTTP/2 201 Created"
2024-09-27 15:07:55,473 - httpx - INFO - HTTP Request: PATCH https://cbaoknlorxoueainhdxq.supabase.co/rest/v1/subscription_requests?user_id=eq.6498326239&status=eq.pending "HTTP/2 200 OK"
2024-09-27 15:07:55,819 - __main__ - ERROR - Error adding user to group: 'TeleBot' object has no attribute 'add_chat_member'
2024-09-27 15:08:18,844 - __main__ - INFO - Bot is running...
2024-09-27 15:08:18,848 - __main__ - INFO - Starting bot polling...
2024-09-27 15:08:24,380 - httpx - INFO - HTTP Request: GET https://cbaoknlorxoueainhdxq.supabase.co/rest/v1/creators_page?select=%2A&username=eq.footfungus "HTTP/2 200 OK"
2024-09-27 15:08:24,656 - httpx - INFO - HTTP Request: GET https://cbaoknlorxoueainhdxq.supabase.co/rest/v1/subscription_requests?select=%2A&user_id=eq.6498326239&status=eq.pending "HTTP/2 200 OK"
2024-09-27 15:08:24,658 - __main__ - ERROR - Error fetching subscription info for user 6498326239
2024-09-27 15:11:44,652 - httpx - INFO - HTTP Request: GET https://cbaoknlorxoueainhdxq.supabase.co/rest/v1/subscriptions?select=%2A&user_id=eq.745690037&creator_id=eq.footfungus&status=eq.active "HTTP/2 200 OK"
2024-09-27 15:11:44,885 - httpx - INFO - HTTP Request: GET https://cbaoknlorxoueainhdxq.supabase.co/rest/v1/subscription_requests?select=%2A&user_id=eq.745690037&status=eq.pending "HTTP/2 200 OK"
2024-09-27 15:11:45,169 - httpx - INFO - HTTP Request: POST https://cbaoknlorxoueainhdxq.supabase.co/rest/v1/subscription_requests "HTTP/2 201 Created"
2024-09-27 15:11:47,733 - httpx - INFO - HTTP Request: GET https://cbaoknlorxoueainhdxq.supabase.co/rest/v1/subscription_requests?select=%2A&user_id=eq.745690037&status=eq.pending "HTTP/2 200 OK"
2024-09-27 15:11:47,967 - httpx - INFO - HTTP Request: GET https://cbaoknlorxoueainhdxq.supabase.co/rest/v1/subscriptions?select=%2A&user_id=eq.745690037&creator_id=eq.footfungus&status=eq.active "HTTP/2 200 OK"
2024-09-27 15:11:48,284 - httpx - INFO - HTTP Request: PATCH https://cbaoknlorxoueainhdxq.supabase.co/rest/v1/subscription_requests?user_id=eq.745690037&status=eq.pending "HTTP/2 200 OK"
2024-09-27 15:11:57,251 - httpx - INFO - HTTP Request: PATCH https://cbaoknlorxoueainhdxq.supabase.co/rest/v1/subscription_requests?user_id=eq.745690037&status=eq.pending "HTTP/2 200 OK"
2024-09-27 15:12:09,672 - httpx - INFO - HTTP Request: PATCH https://cbaoknlorxoueainhdxq.supabase.co/rest/v1/subscription_requests?user_id=eq.745690037&status=eq.pending "HTTP/2 200 OK"
2024-09-27 15:12:09,899 - httpx - INFO - HTTP Request: GET https://cbaoknlorxoueainhdxq.supabase.co/rest/v1/subscription_requests?select=%2A&user_id=eq.745690037&status=eq.pending "HTTP/2 200 OK"
2024-09-27 15:12:10,137 - httpx - INFO - HTTP Request: GET https://cbaoknlorxoueainhdxq.supabase.co/rest/v1/creators_page?select=%2A&username=eq.footfungus "HTTP/2 200 OK"
2024-09-27 15:12:13,842 - httpx - INFO - HTTP Request: PATCH https://cbaoknlorxoueainhdxq.supabase.co/rest/v1/subscription_requests?user_id=eq.745690037&status=eq.pending "HTTP/2 200 OK"
2024-09-27 15:13:55,512 - httpx - INFO - HTTP Request: GET https://cbaoknlorxoueainhdxq.supabase.co/rest/v1/creators_page?select=%2A&username=eq.footfungus "HTTP/2 200 OK"
2024-09-27 15:13:55,739 - httpx - INFO - HTTP Request: GET https://cbaoknlorxoueainhdxq.supabase.co/rest/v1/subscription_requests?select=%2A&user_id=eq.745690037&status=eq.pending "HTTP/2 200 OK"
2024-09-27 15:13:55,955 - httpx - INFO - HTTP Request: GET https://cbaoknlorxoueainhdxq.supabase.co/rest/v1/subscriptions?select=%2A&user_id=eq.745690037&creator_id=eq.footfungus&status=eq.active "HTTP/2 200 OK"
2024-09-27 15:13:56,170 - httpx - INFO - HTTP Request: POST https://cbaoknlorxoueainhdxq.supabase.co/rest/v1/subscriptions "HTTP/2 201 Created"
2024-09-27 15:13:56,409 - httpx - INFO - HTTP Request: PATCH https://cbaoknlorxoueainhdxq.supabase.co/rest/v1/subscription_requests?user_id=eq.745690037&status=eq.pending "HTTP/2 200 OK"
2024-09-27 15:18:39,218 - httpx - INFO - HTTP Request: GET https://cbaoknlorxoueainhdxq.supabase.co/rest/v1/creators_page?select=%2A&username=eq.footfungus "HTTP/2 200 OK"
2024-09-27 15:18:39,460 - httpx - INFO - HTTP Request: GET https://cbaoknlorxoueainhdxq.supabase.co/rest/v1/subscription_requests?select=%2A&user_id=eq.745690037&status=eq.pending "HTTP/2 200 OK"
2024-09-27 15:18:39,461 - __main__ - ERROR - Error fetching subscription info for user 745690037
2024-09-27 15:18:45,813 - httpx - INFO - HTTP Request: GET https://cbaoknlorxoueainhdxq.supabase.co/rest/v1/creators_page?select=%2A&username=eq.footfungus "HTTP/2 200 OK"
2024-09-27 15:18:46,021 - httpx - INFO - HTTP Request: GET https://cbaoknlorxoueainhdxq.supabase.co/rest/v1/subscription_requests?select=%2A&user_id=eq.745690037&status=eq.pending "HTTP/2 200 OK"
2024-09-27 15:18:46,023 - __main__ - ERROR - Error fetching subscription info for user 745690037
2024-09-27 15:19:30,679 - httpx - INFO - HTTP Request: GET https://cbaoknlorxoueainhdxq.supabase.co/rest/v1/subscription_requests?select=%2A&user_id=eq.745690037&status=eq.pending "HTTP/2 200 OK"
2024-09-27 15:19:30,679 - __main__ - ERROR - Error fetching subscription info for user 745690037
2024-09-27 15:20:14,348 - httpx - INFO - HTTP Request: GET https://cbaoknlorxoueainhdxq.supabase.co/rest/v1/creators_page?select=%2A&username=eq.footfungus "HTTP/2 200 OK"
2024-09-27 15:20:14,591 - httpx - INFO - HTTP Request: GET https://cbaoknlorxoueainhdxq.supabase.co/rest/v1/subscription_requests?select=%2A&user_id=eq.745690037&status=eq.pending "HTTP/2 200 OK"
2024-09-27 15:20:14,593 - __main__ - ERROR - Error fetching subscription info for user 745690037
2024-09-27 15:20:47,387 - __main__ - INFO - Bot is running...
2024-09-27 15:20:47,403 - __main__ - INFO - Starting bot polling...
2024-09-27 15:21:02,539 - __main__ - ERROR - Error in main polling loop: HTTPSConnectionPool(host='api.telegram.org', port=443): Read timed out. (read timeout=15)
2024-09-27 15:21:02,539 - __main__ - INFO - Restarting bot in 10 seconds...
2024-09-27 15:21:12,542 - __main__ - INFO - Starting bot polling...
2024-09-27 15:21:27,286 - httpx - INFO - HTTP Request: GET https://cbaoknlorxoueainhdxq.supabase.co/rest/v1/creators_page?select=%2A&username=eq.footfungus "HTTP/2 200 OK"
2024-09-27 15:21:27,311 - httpx - INFO - HTTP Request: GET https://cbaoknlorxoueainhdxq.supabase.co/rest/v1/creators_page?select=%2A&username=eq.footfungus "HTTP/2 200 OK"
2024-09-27 15:21:27,545 - httpx - INFO - HTTP Request: GET https://cbaoknlorxoueainhdxq.supabase.co/rest/v1/subscription_requests?select=%2A&user_id=eq.745690037&status=eq.pending "HTTP/2 200 OK"
2024-09-27 15:21:27,547 - __main__ - INFO - Subscription info: None
2024-09-27 15:21:27,547 - __main__ - ERROR - Error fetching subscription info for user 745690037
2024-09-27 15:21:27,684 - httpx - INFO - HTTP Request: GET https://cbaoknlorxoueainhdxq.supabase.co/rest/v1/subscription_requests?select=%2A&user_id=eq.745690037&status=eq.pending "HTTP/2 200 OK"
2024-09-27 15:21:27,686 - __main__ - INFO - Subscription info: None
2024-09-27 15:21:27,686 - __main__ - ERROR - Error fetching subscription info for user 745690037
2024-09-27 15:21:29,996 - TeleBot - ERROR - Threaded polling exception: A request to the Telegram API was unsuccessful. Error code: 400. Description: Bad Request: query is too old and response timeout expired or query ID is invalid
2024-09-27 15:21:29,998 - TeleBot - ERROR - Exception traceback:
Traceback (most recent call last):
  File "C:\Users\Pyrrho\AppData\Local\Programs\Python\Python312\Lib\site-packages\telebot\__init__.py", line 1226, in __threaded_polling
    self.worker_pool.raise_exceptions()
  File "C:\Users\Pyrrho\AppData\Local\Programs\Python\Python312\Lib\site-packages\telebot\util.py", line 150, in raise_exceptions
    raise self.exception_info
  File "C:\Users\Pyrrho\AppData\Local\Programs\Python\Python312\Lib\site-packages\telebot\util.py", line 93, in run
    task(*args, **kwargs)
  File "C:\Users\Pyrrho\AppData\Local\Programs\Python\Python312\Lib\site-packages\telebot\__init__.py", line 8822, in _run_middlewares_and_handler
    result = handler['function'](message)
             ^^^^^^^^^^^^^^^^^^^^^^^^^^^^
  File "c:\Dev\telegram_bot\main.py", line 252, in callback_query
    bot.answer_callback_query(call.id, "Action processed")
  File "C:\Users\Pyrrho\AppData\Local\Programs\Python\Python312\Lib\site-packages\telebot\__init__.py", line 5838, in answer_callback_query
    return apihelper.answer_callback_query(
           ^^^^^^^^^^^^^^^^^^^^^^^^^^^^^^^^
  File "C:\Users\Pyrrho\AppData\Local\Programs\Python\Python312\Lib\site-packages\telebot\apihelper.py", line 1775, in answer_callback_query
    return _make_request(token, method_url, params=payload, method='post')
           ^^^^^^^^^^^^^^^^^^^^^^^^^^^^^^^^^^^^^^^^^^^^^^^^^^^^^^^^^^^^^^^
  File "C:\Users\Pyrrho\AppData\Local\Programs\Python\Python312\Lib\site-packages\telebot\apihelper.py", line 168, in _make_request
    json_result = _check_result(method_name, result)
                  ^^^^^^^^^^^^^^^^^^^^^^^^^^^^^^^^^^
  File "C:\Users\Pyrrho\AppData\Local\Programs\Python\Python312\Lib\site-packages\telebot\apihelper.py", line 195, in _check_result
    raise ApiTelegramException(method_name, result, result_json)
telebot.apihelper.ApiTelegramException: A request to the Telegram API was unsuccessful. Error code: 400. Description: Bad Request: query is too old and response timeout expired or query ID is invalid

2024-09-27 15:21:31,490 - TeleBot - ERROR - Threaded polling exception: A request to the Telegram API was unsuccessful. Error code: 400. Description: Bad Request: query is too old and response timeout expired or query ID is invalid
2024-09-27 15:21:31,492 - TeleBot - ERROR - Exception traceback:
Traceback (most recent call last):
  File "C:\Users\Pyrrho\AppData\Local\Programs\Python\Python312\Lib\site-packages\telebot\__init__.py", line 1226, in __threaded_polling
    self.worker_pool.raise_exceptions()
  File "C:\Users\Pyrrho\AppData\Local\Programs\Python\Python312\Lib\site-packages\telebot\util.py", line 150, in raise_exceptions
    raise self.exception_info
  File "C:\Users\Pyrrho\AppData\Local\Programs\Python\Python312\Lib\site-packages\telebot\util.py", line 93, in run
    task(*args, **kwargs)
  File "C:\Users\Pyrrho\AppData\Local\Programs\Python\Python312\Lib\site-packages\telebot\__init__.py", line 8822, in _run_middlewares_and_handler
    result = handler['function'](message)
             ^^^^^^^^^^^^^^^^^^^^^^^^^^^^
  File "c:\Dev\telegram_bot\main.py", line 252, in callback_query
    bot.answer_callback_query(call.id, "Action processed")
  File "C:\Users\Pyrrho\AppData\Local\Programs\Python\Python312\Lib\site-packages\telebot\__init__.py", line 5838, in answer_callback_query
    return apihelper.answer_callback_query(
           ^^^^^^^^^^^^^^^^^^^^^^^^^^^^^^^^
  File "C:\Users\Pyrrho\AppData\Local\Programs\Python\Python312\Lib\site-packages\telebot\apihelper.py", line 1775, in answer_callback_query
    return _make_request(token, method_url, params=payload, method='post')
           ^^^^^^^^^^^^^^^^^^^^^^^^^^^^^^^^^^^^^^^^^^^^^^^^^^^^^^^^^^^^^^^
  File "C:\Users\Pyrrho\AppData\Local\Programs\Python\Python312\Lib\site-packages\telebot\apihelper.py", line 168, in _make_request
    json_result = _check_result(method_name, result)
                  ^^^^^^^^^^^^^^^^^^^^^^^^^^^^^^^^^^
  File "C:\Users\Pyrrho\AppData\Local\Programs\Python\Python312\Lib\site-packages\telebot\apihelper.py", line 195, in _check_result
    raise ApiTelegramException(method_name, result, result_json)
telebot.apihelper.ApiTelegramException: A request to the Telegram API was unsuccessful. Error code: 400. Description: Bad Request: query is too old and response timeout expired or query ID is invalid

2024-09-27 15:22:58,421 - __main__ - INFO - Bot is running...
2024-09-27 15:22:58,421 - __main__ - INFO - Starting bot polling...
2024-09-27 15:23:13,498 - httpx - INFO - HTTP Request: GET https://cbaoknlorxoueainhdxq.supabase.co/rest/v1/creators_page?select=%2A&username=eq.footfungus "HTTP/2 200 OK"
2024-09-27 15:23:13,755 - httpx - INFO - HTTP Request: GET https://cbaoknlorxoueainhdxq.supabase.co/rest/v1/subscription_requests?select=%2A&user_id=eq.745690037&status=eq.pending "HTTP/2 200 OK"
2024-09-27 15:23:13,756 - __main__ - INFO - Subscription info: None
2024-09-27 15:23:13,756 - __main__ - ERROR - Error fetching subscription info for user 745690037
2024-09-27 15:24:08,284 - __main__ - INFO - Bot is running...
2024-09-27 15:24:08,284 - __main__ - INFO - Starting bot polling...
2024-09-27 15:24:23,426 - __main__ - ERROR - Error in main polling loop: HTTPSConnectionPool(host='api.telegram.org', port=443): Read timed out. (read timeout=15)
2024-09-27 15:24:23,426 - __main__ - INFO - Restarting bot in 10 seconds...
2024-09-27 15:24:33,428 - __main__ - INFO - Starting bot polling...
2024-09-27 15:24:39,484 - httpx - INFO - HTTP Request: GET https://cbaoknlorxoueainhdxq.supabase.co/rest/v1/creators_page?select=%2A&username=eq.footfungus "HTTP/2 200 OK"
2024-09-27 15:24:39,513 - httpx - INFO - HTTP Request: GET https://cbaoknlorxoueainhdxq.supabase.co/rest/v1/creators_page?select=%2A&username=eq.footfungus "HTTP/2 200 OK"
2024-09-27 15:24:39,739 - httpx - INFO - HTTP Request: GET https://cbaoknlorxoueainhdxq.supabase.co/rest/v1/subscription_requests?select=%2A&user_id=eq.745690037&status=eq.pending "HTTP/2 200 OK"
2024-09-27 15:24:39,740 - __main__ - INFO - Subscription info: data=[] count=None
2024-09-27 15:24:39,811 - httpx - INFO - HTTP Request: GET https://cbaoknlorxoueainhdxq.supabase.co/rest/v1/subscription_requests?select=%2A&user_id=eq.745690037&status=eq.pending "HTTP/2 200 OK"
2024-09-27 15:24:39,972 - httpx - INFO - HTTP Request: GET https://cbaoknlorxoueainhdxq.supabase.co/rest/v1/subscriptions?select=%2A&user_id=eq.745690037&creator_id=eq.footfungus&status=eq.active "HTTP/2 200 OK"
2024-09-27 15:24:39,973 - __main__ - INFO - Subscription info: data=[] count=None
2024-09-27 15:24:40,196 - httpx - INFO - HTTP Request: GET https://cbaoknlorxoueainhdxq.supabase.co/rest/v1/subscriptions?select=%2A&user_id=eq.745690037&creator_id=eq.footfungus&status=eq.active "HTTP/2 200 OK"
2024-09-27 15:24:40,949 - httpx - INFO - HTTP Request: PATCH https://cbaoknlorxoueainhdxq.supabase.co/rest/v1/subscription_requests?user_id=eq.745690037&status=eq.pending "HTTP/2 200 OK"
2024-09-27 15:24:42,822 - httpx - INFO - HTTP Request: PATCH https://cbaoknlorxoueainhdxq.supabase.co/rest/v1/subscription_requests?user_id=eq.745690037&status=eq.pending "HTTP/2 200 OK"
2024-09-27 15:24:43,078 - TeleBot - ERROR - Threaded polling exception: A request to the Telegram API was unsuccessful. Error code: 400. Description: Bad Request: query is too old and response timeout expired or query ID is invalid
2024-09-27 15:24:43,081 - TeleBot - ERROR - Exception traceback:
Traceback (most recent call last):
  File "C:\Users\Pyrrho\AppData\Local\Programs\Python\Python312\Lib\site-packages\telebot\__init__.py", line 1226, in __threaded_polling
    self.worker_pool.raise_exceptions()
  File "C:\Users\Pyrrho\AppData\Local\Programs\Python\Python312\Lib\site-packages\telebot\util.py", line 150, in raise_exceptions
    raise self.exception_info
  File "C:\Users\Pyrrho\AppData\Local\Programs\Python\Python312\Lib\site-packages\telebot\util.py", line 93, in run
    task(*args, **kwargs)
  File "C:\Users\Pyrrho\AppData\Local\Programs\Python\Python312\Lib\site-packages\telebot\__init__.py", line 8822, in _run_middlewares_and_handler
    result = handler['function'](message)
             ^^^^^^^^^^^^^^^^^^^^^^^^^^^^
  File "c:\Dev\telegram_bot\main.py", line 250, in callback_query
    bot.answer_callback_query(call.id, "Action processed")
  File "C:\Users\Pyrrho\AppData\Local\Programs\Python\Python312\Lib\site-packages\telebot\__init__.py", line 5838, in answer_callback_query
    return apihelper.answer_callback_query(
           ^^^^^^^^^^^^^^^^^^^^^^^^^^^^^^^^
  File "C:\Users\Pyrrho\AppData\Local\Programs\Python\Python312\Lib\site-packages\telebot\apihelper.py", line 1775, in answer_callback_query
    return _make_request(token, method_url, params=payload, method='post')
           ^^^^^^^^^^^^^^^^^^^^^^^^^^^^^^^^^^^^^^^^^^^^^^^^^^^^^^^^^^^^^^^
  File "C:\Users\Pyrrho\AppData\Local\Programs\Python\Python312\Lib\site-packages\telebot\apihelper.py", line 168, in _make_request
    json_result = _check_result(method_name, result)
                  ^^^^^^^^^^^^^^^^^^^^^^^^^^^^^^^^^^
  File "C:\Users\Pyrrho\AppData\Local\Programs\Python\Python312\Lib\site-packages\telebot\apihelper.py", line 195, in _check_result
    raise ApiTelegramException(method_name, result, result_json)
telebot.apihelper.ApiTelegramException: A request to the Telegram API was unsuccessful. Error code: 400. Description: Bad Request: query is too old and response timeout expired or query ID is invalid

2024-09-27 15:27:07,913 - __main__ - INFO - Bot is running...
2024-09-27 15:27:07,928 - __main__ - INFO - Starting bot polling...
2024-09-27 15:27:22,559 - httpx - INFO - HTTP Request: GET https://cbaoknlorxoueainhdxq.supabase.co/rest/v1/creators_page?select=%2A&username=eq.footfungus "HTTP/2 200 OK"
2024-09-27 15:27:22,778 - httpx - INFO - HTTP Request: GET https://cbaoknlorxoueainhdxq.supabase.co/rest/v1/subscription_requests?select=%2A&user_id=eq.745690037&status=eq.pending "HTTP/2 200 OK"
2024-09-27 15:27:22,778 - __main__ - INFO - Subscription info: data=[] count=None
2024-09-27 15:27:23,003 - httpx - INFO - HTTP Request: GET https://cbaoknlorxoueainhdxq.supabase.co/rest/v1/subscriptions?select=%2A&user_id=eq.745690037&creator_id=eq.footfungus&status=eq.active "HTTP/2 200 OK"
2024-09-27 15:27:30,055 - httpx - INFO - HTTP Request: PATCH https://cbaoknlorxoueainhdxq.supabase.co/rest/v1/subscription_requests?user_id=eq.745690037&status=eq.pending "HTTP/2 200 OK"
2024-09-27 15:42:00,499 - __main__ - INFO - Checking expired subscriptions...
2024-09-27 15:42:02,103 - httpx - INFO - HTTP Request: GET https://cbaoknlorxoueainhdxq.supabase.co/rest/v1/subscriptions?select=%2A&status=eq.active "HTTP/2 200 OK"
2024-09-27 15:42:02,103 - __main__ - WARNING - Subscription 1 has no expiration date, skipping...
2024-09-27 15:42:02,103 - __main__ - INFO - Finished checking expired subscriptions.
2024-09-27 15:47:42,827 - __main__ - INFO - Bot is running...
2024-09-27 15:47:42,831 - __main__ - INFO - Starting bot polling...
2024-09-27 15:47:49,315 - httpx - INFO - HTTP Request: GET https://cbaoknlorxoueainhdxq.supabase.co/rest/v1/creators_page?select=%2A&username=eq.footfungus "HTTP/2 200 OK"
2024-09-27 15:47:49,783 - httpx - INFO - HTTP Request: GET https://cbaoknlorxoueainhdxq.supabase.co/rest/v1/subscription_requests?select=%2A&user_id=eq.745690037&status=eq.pending "HTTP/2 200 OK"
2024-09-27 15:47:49,785 - __main__ - INFO - Subscription info: data=[{'id': 4, 'user_id': 745690037, 'creator_id': 'footfungus', 'contact': {'last_name': None, 'first_name': 'Pyrrho', 'phone_number': '+251922759640'}, 'account_number': '1000640374032', 'transaction_proof': 'AgACAgQAAxkBAAIBOGb2oRq-PPr8lgklla-YZ09jLgt8AAJHxTEbhNO5U9oaCkwWoVcQAQADAgADeQADNgQ', 'admin_message_id': 31, 'status': 'pending', 'created_at': '2024-09-27T12:11:46.444929+00:00', 'updated_at': '2024-09-27T12:13:56.176523+00:00'}] count=None
2024-09-27 15:47:50,022 - httpx - INFO - HTTP Request: GET https://cbaoknlorxoueainhdxq.supabase.co/rest/v1/subscriptions?select=%2A&user_id=eq.745690037&creator_id=eq.footfungus&status=eq.active "HTTP/2 200 OK"
2024-09-27 15:47:50,824 - httpx - INFO - HTTP Request: PATCH https://cbaoknlorxoueainhdxq.supabase.co/rest/v1/subscription_requests?user_id=eq.745690037&status=eq.pending "HTTP/2 200 OK"
2024-09-27 15:54:59,465 - __main__ - INFO - Bot is running...
2024-09-27 15:54:59,465 - __main__ - INFO - Starting bot polling...
2024-09-27 15:55:01,967 - httpx - INFO - HTTP Request: GET https://cbaoknlorxoueainhdxq.supabase.co/rest/v1/creators_page?select=%2A&username=eq.footfungus "HTTP/2 200 OK"
2024-09-27 15:55:02,243 - httpx - INFO - HTTP Request: GET https://cbaoknlorxoueainhdxq.supabase.co/rest/v1/subscription_requests?select=%2A&user_id=eq.745690037&status=eq.pending "HTTP/2 200 OK"
2024-09-27 15:55:02,258 - __main__ - INFO - Subscription info: data=[] count=None
2024-09-27 15:55:02,659 - httpx - INFO - HTTP Request: GET https://cbaoknlorxoueainhdxq.supabase.co/rest/v1/subscriptions?select=%2A&user_id=eq.745690037&creator_id=eq.footfungus&status=eq.active "HTTP/2 200 OK"
2024-09-27 15:55:03,396 - httpx - INFO - HTTP Request: PATCH https://cbaoknlorxoueainhdxq.supabase.co/rest/v1/subscription_requests?user_id=eq.745690037&status=eq.pending "HTTP/2 200 OK"
2024-09-27 15:55:03,743 - TeleBot - ERROR - Threaded polling exception: A request to the Telegram API was unsuccessful. Error code: 400. Description: Bad Request: query is too old and response timeout expired or query ID is invalid
2024-09-27 15:55:03,743 - TeleBot - ERROR - Exception traceback:
Traceback (most recent call last):
  File "C:\Users\Pyrrho\AppData\Local\Programs\Python\Python312\Lib\site-packages\telebot\__init__.py", line 1226, in __threaded_polling
    self.worker_pool.raise_exceptions()
  File "C:\Users\Pyrrho\AppData\Local\Programs\Python\Python312\Lib\site-packages\telebot\util.py", line 150, in raise_exceptions
    raise self.exception_info
  File "C:\Users\Pyrrho\AppData\Local\Programs\Python\Python312\Lib\site-packages\telebot\util.py", line 93, in run
    task(*args, **kwargs)
  File "C:\Users\Pyrrho\AppData\Local\Programs\Python\Python312\Lib\site-packages\telebot\__init__.py", line 8822, in _run_middlewares_and_handler
    result = handler['function'](message)
             ^^^^^^^^^^^^^^^^^^^^^^^^^^^^
  File "c:\Dev\telegram_bot\main.py", line 251, in callback_query
    bot.answer_callback_query(call.id, "Action processed")
  File "C:\Users\Pyrrho\AppData\Local\Programs\Python\Python312\Lib\site-packages\telebot\__init__.py", line 5838, in answer_callback_query
    return apihelper.answer_callback_query(
           ^^^^^^^^^^^^^^^^^^^^^^^^^^^^^^^^
  File "C:\Users\Pyrrho\AppData\Local\Programs\Python\Python312\Lib\site-packages\telebot\apihelper.py", line 1775, in answer_callback_query
    return _make_request(token, method_url, params=payload, method='post')
           ^^^^^^^^^^^^^^^^^^^^^^^^^^^^^^^^^^^^^^^^^^^^^^^^^^^^^^^^^^^^^^^
  File "C:\Users\Pyrrho\AppData\Local\Programs\Python\Python312\Lib\site-packages\telebot\apihelper.py", line 168, in _make_request
    json_result = _check_result(method_name, result)
                  ^^^^^^^^^^^^^^^^^^^^^^^^^^^^^^^^^^
  File "C:\Users\Pyrrho\AppData\Local\Programs\Python\Python312\Lib\site-packages\telebot\apihelper.py", line 195, in _check_result
    raise ApiTelegramException(method_name, result, result_json)
telebot.apihelper.ApiTelegramException: A request to the Telegram API was unsuccessful. Error code: 400. Description: Bad Request: query is too old and response timeout expired or query ID is invalid

2024-09-27 15:57:16,834 - httpx - INFO - HTTP Request: GET https://cbaoknlorxoueainhdxq.supabase.co/rest/v1/subscriptions?select=%2A&user_id=eq.745690037&status=eq.active "HTTP/2 200 OK"
2024-09-27 15:57:16,840 - __main__ - ERROR - Error in main polling loop: fromisoformat: argument must be str
2024-09-27 15:57:16,841 - __main__ - INFO - Restarting bot in 10 seconds...
2024-09-27 15:57:26,843 - __main__ - INFO - Starting bot polling...
2024-09-27 15:57:42,074 - httpx - INFO - HTTP Request: GET https://cbaoknlorxoueainhdxq.supabase.co/rest/v1/subscriptions?select=%2A&user_id=eq.745690037&status=eq.active "HTTP/2 200 OK"
2024-09-27 15:57:42,076 - __main__ - ERROR - Error in main polling loop: fromisoformat: argument must be str
2024-09-27 15:57:42,077 - __main__ - INFO - Restarting bot in 10 seconds...
2024-09-27 15:57:52,078 - __main__ - INFO - Starting bot polling...
2024-09-27 16:02:43,099 - __main__ - INFO - Bot is running...
2024-09-27 16:02:43,100 - __main__ - INFO - Starting bot polling...
2024-09-27 16:02:46,902 - httpx - INFO - HTTP Request: GET https://cbaoknlorxoueainhdxq.supabase.co/rest/v1/subscriptions?select=%2A&user_id=eq.745690037&status=eq.active "HTTP/2 200 OK"
2024-09-27 16:02:46,911 - __main__ - ERROR - Error in main polling loop: Invalid isoformat string: 'None'
2024-09-27 16:02:46,912 - __main__ - INFO - Restarting bot in 10 seconds...
2024-09-27 16:02:56,913 - __main__ - INFO - Starting bot polling...
2024-09-27 16:06:23,898 - __main__ - ERROR - Error in main polling loop: HTTPSConnectionPool(host='api.telegram.org', port=443): Read timed out. (read timeout=25)
2024-09-27 16:06:23,900 - __main__ - INFO - Restarting bot in 10 seconds...
2024-09-27 16:06:33,902 - __main__ - INFO - Starting bot polling...
2024-09-27 16:07:59,835 - __main__ - INFO - Bot is running...
2024-09-27 16:07:59,837 - __main__ - INFO - Starting bot polling...
2024-09-27 16:08:23,352 - __main__ - ERROR - Error in main polling loop: HTTPSConnectionPool(host='api.telegram.org', port=443): Read timed out. (read timeout=20)
2024-09-27 16:08:23,353 - __main__ - INFO - Restarting bot in 10 seconds...
2024-09-27 16:08:33,353 - __main__ - INFO - Starting bot polling...
2024-09-27 16:08:37,233 - httpx - INFO - HTTP Request: GET https://cbaoknlorxoueainhdxq.supabase.co/rest/v1/subscriptions?select=%2A&user_id=eq.745690037&status=eq.active "HTTP/2 200 OK"
2024-09-27 16:08:37,241 - __main__ - ERROR - Error in main polling loop: list indices must be integers or slices, not str
2024-09-27 16:08:37,242 - __main__ - INFO - Restarting bot in 10 seconds...
2024-09-27 16:08:37,244 - httpx - INFO - HTTP Request: GET https://cbaoknlorxoueainhdxq.supabase.co/rest/v1/subscriptions?select=%2A&user_id=eq.745690037&status=eq.active "HTTP/2 200 OK"
2024-09-27 16:08:47,245 - __main__ - INFO - Starting bot polling...
2024-09-27 16:08:47,248 - __main__ - ERROR - Error in main polling loop: list indices must be integers or slices, not str
2024-09-27 16:08:47,251 - __main__ - INFO - Restarting bot in 10 seconds...
2024-09-27 16:08:57,254 - __main__ - INFO - Starting bot polling...
2024-09-27 16:10:47,463 - __main__ - ERROR - Error in main polling loop: HTTPSConnectionPool(host='api.telegram.org', port=443): Read timed out. (read timeout=25)
2024-09-27 16:10:47,464 - __main__ - INFO - Restarting bot in 10 seconds...
2024-09-27 16:10:57,465 - __main__ - INFO - Starting bot polling...
2024-09-27 16:11:08,544 - __main__ - ERROR - Error in main polling loop: HTTPSConnectionPool(host='api.telegram.org', port=443): Max retries exceeded with url: /bot7639027159:AAG_7J4Z-z7iSqqUtonWa6USDoFoXHzsjas/getUpdates?offset=398524775&timeout=20 (Caused by NameResolutionError("<urllib3.connection.HTTPSConnection object at 0x000001F7295EB3B0>: Failed to resolve 'api.telegram.org' ([Errno 11001] getaddrinfo failed)"))
2024-09-27 16:11:08,546 - __main__ - INFO - Restarting bot in 10 seconds...
2024-09-27 16:11:18,547 - __main__ - INFO - Starting bot polling...
2024-09-27 16:12:05,481 - __main__ - ERROR - Error in main polling loop: HTTPSConnectionPool(host='api.telegram.org', port=443): Read timed out. (read timeout=25)
2024-09-27 16:12:05,482 - __main__ - INFO - Restarting bot in 10 seconds...
2024-09-27 16:12:15,483 - __main__ - INFO - Starting bot polling...
2024-09-27 16:19:54,258 - httpx - INFO - HTTP Request: GET https://cbaoknlorxoueainhdxq.supabase.co/rest/v1/subscriptions?select=%2A&user_id=eq.745690037&status=eq.active "HTTP/2 200 OK"
2024-09-27 16:19:54,264 - __main__ - ERROR - Error in main polling loop: list indices must be integers or slices, not str
2024-09-27 16:19:54,265 - __main__ - INFO - Restarting bot in 10 seconds...
2024-09-27 16:20:04,275 - __main__ - INFO - Starting bot polling...
